<?xml version="1.0" encoding="UTF-8" ?>
<testsuite errors="1" failures="15" hostname="Drouet-lmL" name="ec.edu.espe.inclass.controller.CourseControllerTest" skipped="0" tests="30" time="9.271" timestamp="2023-03-01T04:02:04">
  <properties>
    <property name="" value="======" />
    <property name="libs.spring-framework300.classpath" value="C:\Program Files\NetBeans-15\netbeans\platform\modules\org-apache-commons-logging.jar;C:\Program Files\NetBeans-15\netbeans\java\modules\ext\cglib-2.2.jar;C:\Program Files\NetBeans-15\netbeans\java\modules\ext\spring-3.0\spring-aop-3.2.18.RELEASE.jar;C:\Program Files\NetBeans-15\netbeans\java\modules\ext\spring-3.0\spring-aspects-3.2.18.RELEASE.jar;C:\Program Files\NetBeans-15\netbeans\java\modules\ext\spring-3.0\spring-beans-3.2.18.RELEASE.jar;C:\Program Files\NetBeans-15\netbeans\java\modules\ext\spring-3.0\spring-context-3.2.18.RELEASE.jar;C:\Program Files\NetBeans-15\netbeans\java\modules\ext\spring-3.0\spring-context-support-3.2.18.RELEASE.jar;C:\Program Files\NetBeans-15\netbeans\java\modules\ext\spring-3.0\spring-core-3.2.18.RELEASE.jar;C:\Program Files\NetBeans-15\netbeans\java\modules\ext\spring-3.0\spring-expression-3.2.18.RELEASE.jar;C:\Program Files\NetBeans-15\netbeans\java\modules\ext\spring-3.0\spring-instrument-3.2.18.RELEASE.jar;C:\Program Files\NetBeans-15\netbeans\java\modules\ext\spring-3.0\spring-instrument-tomcat-3.2.18.RELEASE.jar;C:\Program Files\NetBeans-15\netbeans\java\modules\ext\spring-3.0\spring-jdbc-3.2.18.RELEASE.jar;C:\Program Files\NetBeans-15\netbeans\java\modules\ext\spring-3.0\spring-jms-3.2.18.RELEASE.jar;C:\Program Files\NetBeans-15\netbeans\java\modules\ext\spring-3.0\spring-orm-3.2.18.RELEASE.jar;C:\Program Files\NetBeans-15\netbeans\java\modules\ext\spring-3.0\spring-oxm-3.2.18.RELEASE.jar;C:\Program Files\NetBeans-15\netbeans\java\modules\ext\spring-3.0\spring-struts-3.2.18.RELEASE.jar;C:\Program Files\NetBeans-15\netbeans\java\modules\ext\spring-3.0\spring-test-3.2.18.RELEASE.jar;C:\Program Files\NetBeans-15\netbeans\java\modules\ext\spring-3.0\spring-tx-3.2.18.RELEASE.jar;C:\Program Files\NetBeans-15\netbeans\java\modules\ext\spring-3.0\spring-web-3.2.18.RELEASE.jar;C:\Program Files\NetBeans-15\netbeans\java\modules\ext\spring-3.0\spring-webmvc-3.2.18.RELEASE.jar;C:\Program Files\NetBeans-15\netbeans\java\modules\ext\spring-3.0\spring-webmvc-portlet-3.2.18.RELEASE.jar" />
    <property name="javac.test.classpath" value="lib\bson-4.8.1.jar:lib\bson-record-codec-4.8.1.jar:lib\gson-2.8.2.jar:lib\mongodb-driver-core-4.8.1.jar:lib\mongodb-driver-sync-4.8.1.jar:lib\itextpdf-5.5.1.jar:lib\hamcrest-core-1.3.jar:lib\junit-4.12.jar:C:\Users\alejo\Downloads\lib\bson-4.8.1.jar:C:\Users\alejo\Downloads\lib\bson-record-codec-4.8.1.jar:C:\Users\alejo\Downloads\lib\gson-2.8.2.jar:C:\Users\alejo\Downloads\lib\hamcrest-core-1.3.jar:C:\Users\alejo\Downloads\lib\itextpdf-5.5.1.jar:C:\Users\alejo\Downloads\lib\junit-4.12.jar:C:\Users\alejo\Downloads\lib\mongodb-driver-core-4.8.1.jar:C:\Users\alejo\Downloads\lib\mongodb-driver-sync-4.8.1.jar:build/classes:lib\hamcrest-core-1.3.jar:lib\junit-4.12.jar" />
    <property name="java.specification.version" value="17" />
    <property name="libs.spring-framework500.classpath" value="C:\Program Files\NetBeans-15\netbeans\platform\modules\org-apache-commons-logging.jar;C:\Program Files\NetBeans-15\netbeans\java\modules\ext\cglib-2.2.jar;C:\Program Files\NetBeans-15\netbeans\java\modules\ext\spring-5\spring-aop-5.2.9.RELEASE.jar;C:\Program Files\NetBeans-15\netbeans\java\modules\ext\spring-5\spring-aspects-5.2.9.RELEASE.jar;C:\Program Files\NetBeans-15\netbeans\java\modules\ext\spring-5\spring-beans-5.2.9.RELEASE.jar;C:\Program Files\NetBeans-15\netbeans\java\modules\ext\spring-5\spring-context-5.2.9.RELEASE.jar;C:\Program Files\NetBeans-15\netbeans\java\modules\ext\spring-5\spring-context-indexer-5.2.9.RELEASE.jar;C:\Program Files\NetBeans-15\netbeans\java\modules\ext\spring-5\spring-context-support-5.2.9.RELEASE.jar;C:\Program Files\NetBeans-15\netbeans\java\modules\ext\spring-5\spring-core-5.2.9.RELEASE.jar;C:\Program Files\NetBeans-15\netbeans\java\modules\ext\spring-5\spring-expression-5.2.9.RELEASE.jar;C:\Program Files\NetBeans-15\netbeans\java\modules\ext\spring-5\spring-instrument-5.2.9.RELEASE.jar;C:\Program Files\NetBeans-15\netbeans\java\modules\ext\spring-5\spring-jcl-5.2.9.RELEASE.jar;C:\Program Files\NetBeans-15\netbeans\java\modules\ext\spring-5\spring-jdbc-5.2.9.RELEASE.jar;C:\Program Files\NetBeans-15\netbeans\java\modules\ext\spring-5\spring-jms-5.2.9.RELEASE.jar;C:\Program Files\NetBeans-15\netbeans\java\modules\ext\spring-5\spring-messaging-5.2.9.RELEASE.jar;C:\Program Files\NetBeans-15\netbeans\java\modules\ext\spring-5\spring-orm-5.2.9.RELEASE.jar;C:\Program Files\NetBeans-15\netbeans\java\modules\ext\spring-5\spring-oxm-5.2.9.RELEASE.jar;C:\Program Files\NetBeans-15\netbeans\java\modules\ext\spring-5\spring-test-5.2.9.RELEASE.jar;C:\Program Files\NetBeans-15\netbeans\java\modules\ext\spring-5\spring-tx-5.2.9.RELEASE.jar;C:\Program Files\NetBeans-15\netbeans\java\modules\ext\spring-5\spring-web-5.2.9.RELEASE.jar;C:\Program Files\NetBeans-15\netbeans\java\modules\ext\spring-5\spring-webflux-5.2.9.RELEASE.jar;C:\Program Files\NetBeans-15\netbeans\java\modules\ext\spring-5\spring-webmvc-5.2.9.RELEASE.jar;C:\Program Files\NetBeans-15\netbeans\java\modules\ext\spring-5\spring-websocket-5.2.9.RELEASE.jar" />
    <property name="jar.index.metainf" value="false" />
    <property name="libs.spring-framework400.classpath" value="C:\Program Files\NetBeans-15\netbeans\platform\modules\org-apache-commons-logging.jar;C:\Program Files\NetBeans-15\netbeans\java\modules\ext\cglib-2.2.jar;C:\Program Files\NetBeans-15\netbeans\java\modules\ext\spring-4\spring-aop-4.3.29.RELEASE.jar;C:\Program Files\NetBeans-15\netbeans\java\modules\ext\spring-4\spring-aspects-4.3.29.RELEASE.jar;C:\Program Files\NetBeans-15\netbeans\java\modules\ext\spring-4\spring-beans-4.3.29.RELEASE.jar;C:\Program Files\NetBeans-15\netbeans\java\modules\ext\spring-4\spring-context-4.3.29.RELEASE.jar;C:\Program Files\NetBeans-15\netbeans\java\modules\ext\spring-4\spring-context-support-4.3.29.RELEASE.jar;C:\Program Files\NetBeans-15\netbeans\java\modules\ext\spring-4\spring-core-4.3.29.RELEASE.jar;C:\Program Files\NetBeans-15\netbeans\java\modules\ext\spring-4\spring-expression-4.3.29.RELEASE.jar;C:\Program Files\NetBeans-15\netbeans\java\modules\ext\spring-4\spring-instrument-4.3.29.RELEASE.jar;C:\Program Files\NetBeans-15\netbeans\java\modules\ext\spring-4\spring-instrument-tomcat-4.3.29.RELEASE.jar;C:\Program Files\NetBeans-15\netbeans\java\modules\ext\spring-4\spring-jdbc-4.3.29.RELEASE.jar;C:\Program Files\NetBeans-15\netbeans\java\modules\ext\spring-4\spring-jms-4.3.29.RELEASE.jar;C:\Program Files\NetBeans-15\netbeans\java\modules\ext\spring-4\spring-messaging-4.3.29.RELEASE.jar;C:\Program Files\NetBeans-15\netbeans\java\modules\ext\spring-4\spring-orm-4.3.29.RELEASE.jar;C:\Program Files\NetBeans-15\netbeans\java\modules\ext\spring-4\spring-oxm-4.3.29.RELEASE.jar;C:\Program Files\NetBeans-15\netbeans\java\modules\ext\spring-4\spring-test-4.3.29.RELEASE.jar;C:\Program Files\NetBeans-15\netbeans\java\modules\ext\spring-4\spring-tx-4.3.29.RELEASE.jar;C:\Program Files\NetBeans-15\netbeans\java\modules\ext\spring-4\spring-web-4.3.29.RELEASE.jar;C:\Program Files\NetBeans-15\netbeans\java\modules\ext\spring-4\spring-webmvc-4.3.29.RELEASE.jar;C:\Program Files\NetBeans-15\netbeans\java\modules\ext\spring-4\spring-webmvc-portlet-4.3.29.RELEASE.jar;C:\Program Files\NetBeans-15\netbeans\java\modules\ext\spring-4\spring-websocket-4.3.29.RELEASE.jar" />
    <property name="libs.spring-webmvc4.0.javadoc" value="" />
    <property name="test.binaryincludes" value="&lt;nothing&gt;" />
    <property name="do.jlink" value="false" />
    <property name="debug-transport" value="dt_shmem" />
    <property name="libs.javaee-web-api-8.0.src" value="" />
    <property name="java.vendor.url" value="https://java.oracle.com/" />
    <property name="debug.modulepath" value="" />
    <property name="libs.eclipselink.javadoc" value="C:\Program Files\NetBeans-15\netbeans\java\modules\ext\docs\jakarta.persistence-2.2.3-doc.zip" />
    <property name="libs.jsp-compilation.src" value="" />
    <property name="libs.JWSAntTasks.javadoc" value="" />
    <property name="sun.boot.library.path" value="C:\Program Files\Java\jdk-17.0.5\bin" />
    <property name="sun.java.command" value="org.apache.tools.ant.taskdefs.optional.junit.JUnitTestRunner ec.edu.espe.inclass.controller.CourseControllerTest skipNonTests=false filtertrace=true haltOnError=false haltOnFailure=false showoutput=true outputtoformatters=true logfailedtests=true threadid=0 logtestlistenerevents=true formatter=org.apache.tools.ant.taskdefs.optional.junit.BriefJUnitResultFormatter formatter=org.apache.tools.ant.taskdefs.optional.junit.XMLJUnitResultFormatter,C:\David\Universidad\Universidad\3 Semestre\POO 7996\T04-DeveloperBears\06-Code\InClass\build\test\results\TEST-ec.edu.espe.inclass.controller.CourseControllerTest.xml crashfile=C:\David\Universidad\Universidad\3 Semestre\POO 7996\T04-DeveloperBears\06-Code\InClass\build\junitvmwatcher4098865083492613204.properties propsfile=C:\David\Universidad\Universidad\3 Semestre\POO 7996\T04-DeveloperBears\06-Code\InClass\build\junit1869990431988154580.properties" />
    <property name="jdk.debug" value="release" />
    <property name="libs.spring-framework300.src" value="" />
    <property name="javadoc.use" value="true" />
    <property name="javadoc.notree" value="false" />
    <property name="basedir" value="C:\David\Universidad\Universidad\3 Semestre\POO 7996\T04-DeveloperBears\06-Code\InClass" />
    <property name="application.vendor" value="SDDrouet" />
    <property name="java.vm.specification.vendor" value="Oracle Corporation" />
    <property name="java.specification.name" value="Java Platform API Specification" />
    <property name="platforms.JDK_19.bootclasspath" value="C:\Program Files\Java\jdk-19\!/modules/java.base/;C:\Program Files\Java\jdk-19\!/modules/java.compiler/;C:\Program Files\Java\jdk-19\!/modules/java.datatransfer/;C:\Program Files\Java\jdk-19\!/modules/java.desktop/;C:\Program Files\Java\jdk-19\!/modules/java.instrument/;C:\Program Files\Java\jdk-19\!/modules/java.logging/;C:\Program Files\Java\jdk-19\!/modules/java.management/;C:\Program Files\Java\jdk-19\!/modules/java.management.rmi/;C:\Program Files\Java\jdk-19\!/modules/java.naming/;C:\Program Files\Java\jdk-19\!/modules/java.net.http/;C:\Program Files\Java\jdk-19\!/modules/java.prefs/;C:\Program Files\Java\jdk-19\!/modules/java.rmi/;C:\Program Files\Java\jdk-19\!/modules/java.scripting/;C:\Program Files\Java\jdk-19\!/modules/java.se/;C:\Program Files\Java\jdk-19\!/modules/java.security.jgss/;C:\Program Files\Java\jdk-19\!/modules/java.security.sasl/;C:\Program Files\Java\jdk-19\!/modules/java.smartcardio/;C:\Program Files\Java\jdk-19\!/modules/java.sql/;C:\Program Files\Java\jdk-19\!/modules/java.sql.rowset/;C:\Program Files\Java\jdk-19\!/modules/java.transaction.xa/;C:\Program Files\Java\jdk-19\!/modules/java.xml/;C:\Program Files\Java\jdk-19\!/modules/java.xml.crypto/;C:\Program Files\Java\jdk-19\!/modules/jdk.accessibility/;C:\Program Files\Java\jdk-19\!/modules/jdk.attach/;C:\Program Files\Java\jdk-19\!/modules/jdk.charsets/;C:\Program Files\Java\jdk-19\!/modules/jdk.compiler/;C:\Program Files\Java\jdk-19\!/modules/jdk.crypto.cryptoki/;C:\Program Files\Java\jdk-19\!/modules/jdk.crypto.ec/;C:\Program Files\Java\jdk-19\!/modules/jdk.crypto.mscapi/;C:\Program Files\Java\jdk-19\!/modules/jdk.dynalink/;C:\Program Files\Java\jdk-19\!/modules/jdk.editpad/;C:\Program Files\Java\jdk-19\!/modules/jdk.hotspot.agent/;C:\Program Files\Java\jdk-19\!/modules/jdk.httpserver/;C:\Program Files\Java\jdk-19\!/modules/jdk.incubator.concurrent/;C:\Program Files\Java\jdk-19\!/modules/jdk.incubator.vector/;C:\Program Files\Java\jdk-19\!/modules/jdk.internal.ed/;C:\Program Files\Java\jdk-19\!/modules/jdk.internal.jvmstat/;C:\Program Files\Java\jdk-19\!/modules/jdk.internal.le/;C:\Program Files\Java\jdk-19\!/modules/jdk.internal.opt/;C:\Program Files\Java\jdk-19\!/modules/jdk.internal.vm.ci/;C:\Program Files\Java\jdk-19\!/modules/jdk.internal.vm.compiler/;C:\Program Files\Java\jdk-19\!/modules/jdk.internal.vm.compiler.management/;C:\Program Files\Java\jdk-19\!/modules/jdk.jartool/;C:\Program Files\Java\jdk-19\!/modules/jdk.javadoc/;C:\Program Files\Java\jdk-19\!/modules/jdk.jcmd/;C:\Program Files\Java\jdk-19\!/modules/jdk.jconsole/;C:\Program Files\Java\jdk-19\!/modules/jdk.jdeps/;C:\Program Files\Java\jdk-19\!/modules/jdk.jdi/;C:\Program Files\Java\jdk-19\!/modules/jdk.jdwp.agent/;C:\Program Files\Java\jdk-19\!/modules/jdk.jfr/;C:\Program Files\Java\jdk-19\!/modules/jdk.jlink/;C:\Program Files\Java\jdk-19\!/modules/jdk.jpackage/;C:\Program Files\Java\jdk-19\!/modules/jdk.jshell/;C:\Program Files\Java\jdk-19\!/modules/jdk.jsobject/;C:\Program Files\Java\jdk-19\!/modules/jdk.jstatd/;C:\Program Files\Java\jdk-19\!/modules/jdk.localedata/;C:\Program Files\Java\jdk-19\!/modules/jdk.management/;C:\Program Files\Java\jdk-19\!/modules/jdk.management.agent/;C:\Program Files\Java\jdk-19\!/modules/jdk.management.jfr/;C:\Program Files\Java\jdk-19\!/modules/jdk.naming.dns/;C:\Program Files\Java\jdk-19\!/modules/jdk.naming.rmi/;C:\Program Files\Java\jdk-19\!/modules/jdk.net/;C:\Program Files\Java\jdk-19\!/modules/jdk.nio.mapmode/;C:\Program Files\Java\jdk-19\!/modules/jdk.random/;C:\Program Files\Java\jdk-19\!/modules/jdk.sctp/;C:\Program Files\Java\jdk-19\!/modules/jdk.security.auth/;C:\Program Files\Java\jdk-19\!/modules/jdk.security.jgss/;C:\Program Files\Java\jdk-19\!/modules/jdk.unsupported/;C:\Program Files\Java\jdk-19\!/modules/jdk.unsupported.desktop/;C:\Program Files\Java\jdk-19\!/modules/jdk.xml.dom/;C:\Program Files\Java\jdk-19\!/modules/jdk.zipfs/" />
    <property name="libs.jsf20.classpath" value="C:\Program Files\NetBeans-15\netbeans\enterprise\modules\ext\jsf-2_2\javax.faces.jar" />
    <property name="netbeans.extbrowser.manual_chrome_plugin_install" value="yes" />
    <property name="netbeans.default_userdir_root" value="C:\Users\USUARIO\AppData\Roaming\NetBeans" />
    <property name="libs.spring-framework500.javadoc" value="" />
    <property name="libs.jsp-compilation-syscp.src" value="" />
    <property name="jdk.home" value="C:\Program Files\Java\jdk-17.0.5" />
    <property name="java.runtime.version" value="17.0.5+9-LTS-191" />
    <property name="file.reference.mongodb-driver-core-4.8.1.jar-4" value="lib\mongodb-driver-core-4.8.1.jar" />
    <property name="libs.eclipselink.maven-pom" value="" />
    <property name="libs.metro.maven-pom" value="" />
    <property name="libs.JAXB-ENDORSED.javadoc" value="" />
    <property name="sun.java2d.noddraw" value="true" />
    <property name="sun.zip.disableMemoryMapping" value="true" />
    <property name="jnidispatch.path" value="C:\Users\USUARIO\AppData\Local\Temp\jna-900564052\jna16193918803783288252.dll" />
    <property name="libs.jsf12.src" value="" />
    <property name="libs.jsp-compilation.javadoc" value="" />
    <property name="libs.primefaces.javadoc" value="" />
    <property name="libs.groovy-all.maven-pom" value="" />
    <property name="libs.restapi.src" value="" />
    <property name="libs.junit_5.javadoc" value="C:\Program Files\NetBeans-15\netbeans\platform\docs\junit-jupiter-api-5.6.0-javadoc.jar;C:\Program Files\NetBeans-15\netbeans\platform\docs\junit-jupiter-params-5.6.0-javadoc.jar;C:\Program Files\NetBeans-15\netbeans\platform\docs\junit-jupiter-engine-5.6.0-javadoc.jar" />
    <property name="dist.archive.excludes" value="" />
    <property name="java.io.tmpdir" value="C:\Users\USUARIO\AppData\Local\Temp\" />
    <property name="java.version" value="17.0.5" />
    <property name="java.vm.specification.name" value="Java Virtual Machine Specification" />
    <property name="libs.jakartaee-api-8.0.javadoc" value="C:\Program Files\NetBeans-15\netbeans\enterprise\docs\jakartaee8-doc-api.jar" />
    <property name="native.encoding" value="Cp1252" />
    <property name="java.library.path" value="C:\Program Files\Java\jdk-17.0.5\bin;C:\WINDOWS\Sun\Java\bin;C:\WINDOWS\system32;C:\WINDOWS;C:\Program Files\Common Files\Oracle\Java\javapath;C:\Program Files (x86)\Common Files\Oracle\Java\javapath;C:\WINDOWS\system32;C:\WINDOWS;C:\WINDOWS\System32\Wbem;C:\WINDOWS\System32\WindowsPowerShell\v1.0\;C:\WINDOWS\System32\OpenSSH\;C:\Program Files\Microsoft SQL Server\120\Tools\Binn\;C:\Program Files\dotnet\;C:\Program Files\Java\jdk-17.0.5\bin;C:\Program Files\Git\cmd;C:\Program Files (x86)\Microchip\MPLAB C32 Suite\bin;C:\Program Files\Java\jdk-19\bin;C:\Users\USUARIO\AppData\Local\Programs\Python\Python310\Scripts\;C:\Users\USUARIO\AppData\Local\Programs\Python\Python310\;C:\Users\USUARIO\AppData\Local\Microsoft\WindowsApps;C:\Users\USUARIO\AppData\Local\Programs\Microsoft VS Code\bin;C:\msys64\mingw64\bin;C:\Users\USUARIO\.dotnet\tools;C:\Users\USUARIO\AppData\Local\GitHubDesktop\bin;;." />
    <property name="libs.hamcrest.src" value="" />
    <property name="java.vendor" value="Oracle Corporation" />
    <property name="libs.groovy-all.src" value="" />
    <property name="libs.testng.javadoc" value="C:\Program Files\NetBeans-15\netbeans\platform\docs\testng-6.13.1-javadoc.jar" />
    <property name="meta.inf.dir" value="src/META-INF" />
    <property name="run.upgrademodulepath" value="" />
    <property name="file.reference.hamcrest-core-1.3.jar-2" value="C:\Users\alejo\Downloads\lib\hamcrest-core-1.3.jar" />
    <property name="file.reference.hamcrest-core-1.3.jar-1" value="lib\hamcrest-core-1.3.jar" />
    <property name="compile.on.save" value="false" />
    <property name="jlink.additionalparam" value="" />
    <property name="libs.testng.maven-pom" value="" />
    <property name="org.openide.version" value="deprecated" />
    <property name="test.includes" value="ec/edu/espe/inclass/controller/CourseControllerTest.java" />
    <property name="run.classpath" value="lib\bson-4.8.1.jar:lib\bson-record-codec-4.8.1.jar:lib\gson-2.8.2.jar:lib\mongodb-driver-core-4.8.1.jar:lib\mongodb-driver-sync-4.8.1.jar:lib\itextpdf-5.5.1.jar:lib\hamcrest-core-1.3.jar:lib\junit-4.12.jar:C:\Users\alejo\Downloads\lib\bson-4.8.1.jar:C:\Users\alejo\Downloads\lib\bson-record-codec-4.8.1.jar:C:\Users\alejo\Downloads\lib\gson-2.8.2.jar:C:\Users\alejo\Downloads\lib\hamcrest-core-1.3.jar:C:\Users\alejo\Downloads\lib\itextpdf-5.5.1.jar:C:\Users\alejo\Downloads\lib\junit-4.12.jar:C:\Users\alejo\Downloads\lib\mongodb-driver-core-4.8.1.jar:C:\Users\alejo\Downloads\lib\mongodb-driver-sync-4.8.1.jar:build/classes" />
    <property name="libs.jaxb.src" value="" />
    <property name="sun.awt.enableExtraMouseButtons" value="true" />
    <property name="test.src.dir" value="test" />
    <property name="org.openide.major.version" value="IDE/1" />
    <property name="file.reference.junit-4.12.jar" value="C:\David\Universidad\Universidad\3 Semestre\POO 7996\lib\junit-4.12.jar" />
    <property name="libs.spring-framework300.javadoc" value="" />
    <property name="ap.proc.none.internal" value="" />
    <property name="org.openide.specification.version" value="6.2" />
    <property name="user.timezone" value="America/Guayaquil" />
    <property name="jar.index" value="false" />
    <property name="libs.jpa20-persistence.classpath" value="C:\Program Files\NetBeans-15\netbeans\java\modules\ext\eclipselink\jakarta.persistence-2.2.3.jar" />
    <property name="libs.eclipselinkmodelgen.javadoc" value="" />
    <property name="java.vm.specification.version" value="17" />
    <property name="libs.junit_5.classpath" value="C:\Program Files\NetBeans-15\netbeans\platform\modules\ext\junit-jupiter-api-5.6.0.jar;C:\Program Files\NetBeans-15\netbeans\platform\modules\ext\junit-jupiter-params-5.6.0.jar;C:\Program Files\NetBeans-15\netbeans\platform\modules\ext\junit-jupiter-engine-5.6.0.jar" />
    <property name="javadoc.noindex" value="false" />
    <property name="javadoc.private" value="false" />
    <property name="libs.spring-webmvc4.0.maven-pom" value="" />
    <property name="libs.JAXB-ENDORSED.maven-pom" value="" />
    <property name="user.home" value="C:\Users\USUARIO" />
    <property name="file.reference.gson-2.8.2.jar" value="C:\Users\alejo\Downloads\lib\gson-2.8.2.jar" />
    <property name="libs.eclipselinkmodelgen.maven-pom" value="" />
    <property name="have.sources" value="true" />
    <property name="annotation.processing.processors.list" value="" />
    <property name="ant.file.type.InClass-impl" value="file" />
    <property name="jlink.launcher" value="true" />
    <property name="javac.deprecation" value="false" />
    <property name="file.reference.gson-2.8.2.jar-4" value="lib\gson-2.8.2.jar" />
    <property name="build.generated.sources.dir" value="build/generated-sources" />
    <property name="plugin.manager.check.updates" value="false" />
    <property name="netbeans.autoupdate.language" value="es" />
    <property name="libs.eclipselinkmodelgen.src" value="" />
    <property name="build.compiler.emacs" value="true" />
    <property name="build.classes.excludes" value="**/*.java,**/*.form" />
    <property name="dist.jar" value="dist/InClass.jar" />
    <property name="libs.jakartaee-web-api-9.0.classpath" value="C:\Program Files\NetBeans-15\netbeans\enterprise\modules\ext\jakarta.jakartaee-web-api-9.0.0.jar" />
    <property name="libs.spring-webmvc4.0.classpath" value="C:\Program Files\NetBeans-15\netbeans\java\modules\ext\spring-4\spring-webmvc-4.3.29.RELEASE.jar" />
    <property name="modules.supported.internal" value="true" />
    <property name="libs.javaee-endorsed-api-7.0.javadoc" value="C:\Program Files\NetBeans-15\netbeans\enterprise\docs\javaee-doc-api.jar" />
    <property name="os.version" value="10.0" />
    <property name="netbeans.home" value="C:\Program Files\NetBeans-15\netbeans\platform" />
    <property name="libs.CopyLibs.javadoc" value="" />
    <property name="debug-transport-by-os" value="dt_shmem" />
    <property name="file.reference.bson-4.8.1.jar-4" value="lib\bson-4.8.1.jar" />
    <property name="libs.javaee-api-8.0.javadoc" value="C:\Program Files\NetBeans-15\netbeans\enterprise\docs\javaee-doc-api.jar" />
    <property name="libs.jsf20.src" value="" />
    <property name="java.vm.name" value="Java HotSpot(TM) 64-Bit Server VM" />
    <property name="unnamed.module.internal" value="true" />
    <property name="libs.jstl.javadoc" value="C:\Program Files\NetBeans-15\netbeans\enterprise\docs\javaee-doc-api.jar" />
    <property name="libs.javaee-endorsed-api-7.0.maven-pom" value="" />
    <property name="libs.jaxws21.classpath" value="C:\Program Files\NetBeans-15\netbeans\java\modules\ext\jaxws22\api\jakarta.jws-api.jar;C:\Program Files\NetBeans-15\netbeans\java\modules\ext\jaxws22\api\jakarta.xml.soap-api.jar;C:\Program Files\NetBeans-15\netbeans\java\modules\ext\jaxws22\api\jakarta.xml.ws-api.jar;C:\Program Files\NetBeans-15\netbeans\java\modules\ext\jaxws22\FastInfoset.jar;C:\Program Files\NetBeans-15\netbeans\java\modules\ext\jaxws22\gmbal-api-only.jar;C:\Program Files\NetBeans-15\netbeans\java\modules\ext\jaxws22\ha-api.jar;C:\Program Files\NetBeans-15\netbeans\java\modules\ext\jaxws22\jakarta.mail.jar;C:\Program Files\NetBeans-15\netbeans\java\modules\ext\jaxws22\jaxws-rt.jar;C:\Program Files\NetBeans-15\netbeans\java\modules\ext\jaxws22\jaxws-tools.jar;C:\Program Files\NetBeans-15\netbeans\java\modules\ext\jaxws22\management-api.jar;C:\Program Files\NetBeans-15\netbeans\java\modules\ext\jaxws22\mimepull.jar;C:\Program Files\NetBeans-15\netbeans\java\modules\ext\jaxws22\policy.jar;C:\Program Files\NetBeans-15\netbeans\java\modules\ext\jaxws22\saaj-impl.jar;C:\Program Files\NetBeans-15\netbeans\java\modules\ext\jaxws22\stax-ex.jar;C:\Program Files\NetBeans-15\netbeans\java\modules\ext\jaxws22\stax2-api.jar;C:\Program Files\NetBeans-15\netbeans\java\modules\ext\jaxws22\streambuffer.jar;C:\Program Files\NetBeans-15\netbeans\java\modules\ext\jaxws22\woodstox-core.jar;C:\Program Files\NetBeans-15\netbeans\ide\modules\ext\jaxb\api\jaxb-api.jar;C:\Program Files\NetBeans-15\netbeans\ide\modules\ext\jaxb\activation.jar;C:\Program Files\NetBeans-15\netbeans\ide\modules\ext\jaxb\jaxb-impl.jar;C:\Program Files\NetBeans-15\netbeans\ide\modules\ext\jaxb\jaxb-xjc.jar" />
    <property name="libs.restapi.classpath" value="C:\Program Files\NetBeans-15\netbeans\enterprise\modules\ext\jaxrs-2.1\jakarta.ws.rs-api-2.1.6.jar" />
    <property name="os.arch" value="amd64" />
    <property name="build.generated.dir" value="build/generated" />
    <property name="libs.groovy-all.javadoc" value="" />
    <property name="libs.jakartaee-api-8.0.classpath" value="C:\Program Files\NetBeans-15\netbeans\enterprise\modules\ext\jakarta.jakartaee-api-8.0.0.jar" />
    <property name="libs.javaee-web-api-7.0.javadoc" value="C:\Program Files\NetBeans-15\netbeans\enterprise\docs\javaee-doc-api.jar" />
    <property name="file.reference.itextpdf-5.5.1.jar" value="lib\itextpdf-5.5.1.jar" />
    <property name="libs.javaee-endorsed-api-6.0.src" value="" />
    <property name="libs.jsf12.maven-pom" value="" />
    <property name="libs.javaee-endorsed-api-7.0.classpath" value="C:\Program Files\NetBeans-15\netbeans\enterprise\modules\ext\javaee7-endorsed\javax.annotation-api.jar;C:\Program Files\NetBeans-15\netbeans\enterprise\modules\ext\javaee7-endorsed\javax.xml.soap-api.jar;C:\Program Files\NetBeans-15\netbeans\enterprise\modules\ext\javaee7-endorsed\jaxb-api-osgi.jar;C:\Program Files\NetBeans-15\netbeans\enterprise\modules\ext\javaee7-endorsed\jaxws-api.jar;C:\Program Files\NetBeans-15\netbeans\enterprise\modules\ext\javaee7-endorsed\jsr181-api.jar" />
    <property name="org.netbeans.io.suspend" value="0" />
    <property name="libs.primefaces.maven-pom" value="" />
    <property name="ant.project.name" value="InClass" />
    <property name="dist.javadoc.dir" value="dist/javadoc" />
    <property name="default.javac.target" value="17" />
    <property name="javac.fork" value="true" />
    <property name="libs.eclipselink.classpath" value="C:\Program Files\NetBeans-15\netbeans\java\modules\ext\eclipselink\org.eclipse.persistence.core-2.7.10.jar;C:\Program Files\NetBeans-15\netbeans\java\modules\ext\eclipselink\org.eclipse.persistence.asm-9.2.0.jar;C:\Program Files\NetBeans-15\netbeans\java\modules\ext\eclipselink\org.eclipse.persistence.antlr-2.7.10.jar;C:\Program Files\NetBeans-15\netbeans\java\modules\ext\eclipselink\org.eclipse.persistence.jpa-2.7.10.jar;C:\Program Files\NetBeans-15\netbeans\java\modules\ext\eclipselink\org.eclipse.persistence.jpa.jpql-2.7.10.jar;C:\Program Files\NetBeans-15\netbeans\java\modules\ext\eclipselink\org.eclipse.persistence.moxy-2.7.10.jar;C:\Program Files\NetBeans-15\netbeans\java\modules\ext\eclipselink\jakarta.persistence-2.2.3.jar" />
    <property name="platforms.JDK_19.compiler" value="modern" />
    <property name="libs.struts.classpath" value="C:\Program Files\NetBeans-15\netbeans\enterprise\modules\ext\struts\antlr-2.7.2.jar;C:\Program Files\NetBeans-15\netbeans\enterprise\modules\ext\struts\bsf-2.3.0.jar;C:\Program Files\NetBeans-15\netbeans\enterprise\modules\ext\struts\commons-beanutils-1.8.0.jar;C:\Program Files\NetBeans-15\netbeans\enterprise\modules\ext\struts\commons-chain-1.2.jar;C:\Program Files\NetBeans-15\netbeans\enterprise\modules\ext\struts\commons-digester-1.8.jar;C:\Program Files\NetBeans-15\netbeans\enterprise\modules\ext\struts\commons-fileupload-1.1.1.jar;C:\Program Files\NetBeans-15\netbeans\enterprise\modules\ext\struts\commons-io-1.1.jar;C:\Program Files\NetBeans-15\netbeans\enterprise\modules\ext\struts\commons-logging-1.0.4.jar;C:\Program Files\NetBeans-15\netbeans\enterprise\modules\ext\struts\commons-validator-1.3.1.jar;C:\Program Files\NetBeans-15\netbeans\enterprise\modules\ext\struts\jstl-1.0.2.jar;C:\Program Files\NetBeans-15\netbeans\enterprise\modules\ext\struts\oro-2.0.8.jar;C:\Program Files\NetBeans-15\netbeans\enterprise\modules\ext\struts\standard-1.0.6.jar;C:\Program Files\NetBeans-15\netbeans\enterprise\modules\ext\struts\struts-core-1.3.10.jar;C:\Program Files\NetBeans-15\netbeans\enterprise\modules\ext\struts\struts-el-1.3.10.jar;C:\Program Files\NetBeans-15\netbeans\enterprise\modules\ext\struts\struts-extras-1.3.10.jar;C:\Program Files\NetBeans-15\netbeans\enterprise\modules\ext\struts\struts-faces-1.3.10.jar;C:\Program Files\NetBeans-15\netbeans\enterprise\modules\ext\struts\struts-mailreader-dao-1.3.10.jar;C:\Program Files\NetBeans-15\netbeans\enterprise\modules\ext\struts\struts-scripting-1.3.10.jar;C:\Program Files\NetBeans-15\netbeans\enterprise\modules\ext\struts\struts-taglib-1.3.10.jar;C:\Program Files\NetBeans-15\netbeans\enterprise\modules\ext\struts\struts-tiles-1.3.10.jar" />
    <property name="libs.PostgreSQLDriver.maven-pom" value="" />
    <property name="libs.absolutelayout.src" value="" />
    <property name="testng.mode" value="testng" />
    <property name="annotation.processing.enabled.in.editor" value="false" />
    <property name="java.vm.compressedOopsMode" value="Zero based" />
    <property name="netbeans.productversion" value="Apache NetBeans IDE 15" />
    <property name="mkdist.disabled" value="false" />
    <property name="libs.javaee-web-api-6.0.javadoc" value="C:\Program Files\NetBeans-15\netbeans\enterprise\docs\javaee-doc-api.jar" />
    <property name="file.reference.junit-4.12.jar-2" value="C:\Users\alejo\Downloads\lib\junit-4.12.jar" />
    <property name="libs.javaee-api-7.0.maven-pom" value="" />
    <property name="libs.groovy-all.classpath" value="C:\Program Files\NetBeans-15\netbeans\groovy\modules\ext\groovy-3.0.8.jar;C:\Program Files\NetBeans-15\netbeans\groovy\modules\ext\groovy-ant-3.0.8.jar" />
    <property name="file.reference.junit-4.12.jar-1" value="lib\junit-4.12.jar" />
    <property name="libs.absolutelayout.javadoc" value="" />
    <property name="module.build.classes.dir" value="build/classes" />
    <property name="annotation.processing.processor.options" value="" />
    <property name="libs.jaxb.maven-pom" value="" />
    <property name="libs.javaee-api-6.0.maven-pom" value="" />
    <property name="dist.dir" value="dist" />
    <property name="build.dir" value="build" />
    <property name="libs.graaljs.maven-pom" value="" />
    <property name="netbeans.autoupdate.variant" value="" />
    <property name="javadoc.version" value="false" />
    <property name="libs.metro.src" value="" />
    <property name="libs.metro.classpath" value="C:\Program Files\NetBeans-15\netbeans\ide\modules\ext\jaxb\activation.jar;C:\Program Files\NetBeans-15\netbeans\enterprise\modules\ext\metro\webservices-api.jar;C:\Program Files\NetBeans-15\netbeans\enterprise\modules\ext\metro\webservices-extra-api.jar;C:\Program Files\NetBeans-15\netbeans\enterprise\modules\ext\metro\webservices-extra.jar;C:\Program Files\NetBeans-15\netbeans\enterprise\modules\ext\metro\webservices-rt.jar;C:\Program Files\NetBeans-15\netbeans\enterprise\modules\ext\metro\webservices-tools.jar" />
    <property name="libs.CopyLibs.classpath" value="C:\Program Files\NetBeans-15\netbeans\java\ant\extra\org-netbeans-modules-java-j2seproject-copylibstask.jar" />
    <property name="sun.os.patch.level" value="" />
    <property name="javadoc.html5" value="false" />
    <property name="javac.test.processorpath" value="lib\bson-4.8.1.jar:lib\bson-record-codec-4.8.1.jar:lib\gson-2.8.2.jar:lib\mongodb-driver-core-4.8.1.jar:lib\mongodb-driver-sync-4.8.1.jar:lib\itextpdf-5.5.1.jar:lib\hamcrest-core-1.3.jar:lib\junit-4.12.jar:C:\Users\alejo\Downloads\lib\bson-4.8.1.jar:C:\Users\alejo\Downloads\lib\bson-record-codec-4.8.1.jar:C:\Users\alejo\Downloads\lib\gson-2.8.2.jar:C:\Users\alejo\Downloads\lib\hamcrest-core-1.3.jar:C:\Users\alejo\Downloads\lib\itextpdf-5.5.1.jar:C:\Users\alejo\Downloads\lib\junit-4.12.jar:C:\Users\alejo\Downloads\lib\mongodb-driver-core-4.8.1.jar:C:\Users\alejo\Downloads\lib\mongodb-driver-sync-4.8.1.jar:build/classes:lib\hamcrest-core-1.3.jar:lib\junit-4.12.jar" />
    <property name="libs.javaee-web-api-7.0.maven-pom" value="" />
    <property name="libs.javaee-web-api-8.0.maven-pom" value="" />
    <property name="netbeans.dirs" value="C:\Program Files\NetBeans-15\netbeans\nb;C:\Program Files\NetBeans-15\netbeans\ergonomics;C:\Program Files\NetBeans-15\netbeans\ide;C:\Program Files\NetBeans-15\netbeans\extide;C:\Program Files\NetBeans-15\netbeans\java;C:\Program Files\NetBeans-15\netbeans\apisupport;C:\Program Files\NetBeans-15\netbeans\webcommon;C:\Program Files\NetBeans-15\netbeans\websvccommon;C:\Program Files\NetBeans-15\netbeans\enterprise;C:\Program Files\NetBeans-15\netbeans\mobility;C:\Program Files\NetBeans-15\netbeans\profiler;C:\Program Files\NetBeans-15\netbeans\python;C:\Program Files\NetBeans-15\netbeans\php;C:\Program Files\NetBeans-15\netbeans\identity;C:\Program Files\NetBeans-15\netbeans\harness;C:\Program Files\NetBeans-15\netbeans\cnd;C:\Program Files\NetBeans-15\netbeans\cndext;C:\Program Files\NetBeans-15\netbeans\cpplite;C:\Program Files\NetBeans-15\netbeans\dlight;C:\Program Files\NetBeans-15\netbeans\groovy;C:\Program Files\NetBeans-15\netbeans\extra;C:\Program Files\NetBeans-15\netbeans\javacard;C:\Program Files\NetBeans-15\netbeans\javafx" />
    <property name="libs.hamcrest.maven-pom" value="" />
    <property name="javac.processorpath" value="lib\bson-4.8.1.jar:lib\bson-record-codec-4.8.1.jar:lib\gson-2.8.2.jar:lib\mongodb-driver-core-4.8.1.jar:lib\mongodb-driver-sync-4.8.1.jar:lib\itextpdf-5.5.1.jar:lib\hamcrest-core-1.3.jar:lib\junit-4.12.jar:C:\Users\alejo\Downloads\lib\bson-4.8.1.jar:C:\Users\alejo\Downloads\lib\bson-record-codec-4.8.1.jar:C:\Users\alejo\Downloads\lib\gson-2.8.2.jar:C:\Users\alejo\Downloads\lib\hamcrest-core-1.3.jar:C:\Users\alejo\Downloads\lib\itextpdf-5.5.1.jar:C:\Users\alejo\Downloads\lib\junit-4.12.jar:C:\Users\alejo\Downloads\lib\mongodb-driver-core-4.8.1.jar:C:\Users\alejo\Downloads\lib\mongodb-driver-sync-4.8.1.jar" />
    <property name="libs.javaee-api-6.0.javadoc" value="C:\Program Files\NetBeans-15\netbeans\enterprise\docs\javaee-doc-api.jar" />
    <property name="libs.JWSAntTasks.maven-pom" value="" />
    <property name="javac.upgrademodulepath" value="" />
    <property name="run.modulepath" value="" />
    <property name="do.archive+manifest.available" value="true" />
    <property name="apple.laf.useScreenMenuBar" value="true" />
    <property name="user.country" value="EC" />
    <property name="sun.java.launcher" value="SUN_STANDARD" />
    <property name="libs.jakartaee-api-9.0.maven-pom" value="" />
    <property name="libs.restapi.javadoc" value="" />
    <property name="libs.jpa20-persistence.src" value="" />
    <property name="endorsed.classpath" value="" />
    <property name="javac.test.sourcepath" value="C:\David\Universidad\Universidad\3 Semestre\POO 7996\T04-DeveloperBears\06-Code\InClass\build\empty" />
    <property name="libs.spring-webmvc3.0.maven-pom" value="" />
    <property name="includes" value="**" />
    <property name="file.reference.hamcrest-core-1.3.jar" value="C:\David\Universidad\Universidad\3 Semestre\POO 7996\lib\hamcrest-core-1.3.jar" />
    <property name="ant.file.InClass" value="C:\David\Universidad\Universidad\3 Semestre\POO 7996\T04-DeveloperBears\06-Code\InClass\build.xml" />
    <property name="libs.jsf12.javadoc" value="C:\Program Files\NetBeans-15\netbeans\enterprise\docs\javaee-doc-api.jar" />
    <property name="libs.hamcrest.classpath" value="C:\Program Files\NetBeans-15\netbeans\platform\modules\ext\hamcrest-core-1.3.jar" />
    <property name="javadoc.splitindex" value="true" />
    <property name="libs.JWSAntTasks.classpath" value="C:\Program Files\NetBeans-15\netbeans\java\ant\extra\org-netbeans-modules-javawebstart-anttasks.jar" />
    <property name="junit.available" value="true" />
    <property name="javac.processormodulepath" value="" />
    <property name="javadoc.encoding" value="UTF-8" />
    <property name="netbeans.hash.code" value="unique=NB_EXTIDE_JAVA_PHP_WEBCOMMON_WEBEE090e2091f-d63e-4bdb-bfe4-2c48a204c7c7_dbe6b613-0176-4221-9e9b-66a7ede0ed80" />
    <property name="libs.jstl.src" value="" />
    <property name="libs.jsp-compilation-syscp.maven-pom" value="" />
    <property name="jlink.strip" value="false" />
    <property name="libs.spring-webmvc3.0.classpath" value="C:\Program Files\NetBeans-15\netbeans\java\modules\ext\spring-3.0\spring-webmvc-3.2.18.RELEASE.jar" />
    <property name="java.runtime.name" value="Java(TM) SE Runtime Environment" />
    <property name="libs.jaxb.javadoc" value="C:\Program Files\NetBeans-15\netbeans\ide\docs\jaxb-api-doc.jar" />
    <property name="manifest.available" value="true" />
    <property name="libs.spring-framework500.maven-pom" value="" />
    <property name="run.jvmargs.ide" value="" />
    <property name="ant.core.lib" value="C:\Program Files\NetBeans-15\netbeans\extide\ant\lib\ant.jar" />
    <property name="libs.jsp-compilation.maven-pom" value="" />
    <property name="javac.profile.cmd.line.arg" value="" />
    <property name="libs.jakartaee-api-9.0.classpath" value="C:\Program Files\NetBeans-15\netbeans\enterprise\modules\ext\jakarta.jakartaee-api-9.0.0.jar" />
    <property name="do.archive+main.class.available" value="true" />
    <property name="&gt;&gt;&gt;&gt;&gt;&gt;&gt;" value="2cecf71a3883055c2729204b1141c5de5e16873c" />
    <property name="application.title" value="InClass" />
    <property name="javac.test.modulepath" value="" />
    <property name="libs.PostgreSQLDriver.javadoc" value="" />
    <property name="libs.jsp-compilation-syscp.classpath" value="C:\Program Files\NetBeans-15\netbeans\extide\ant\lib\ant.jar;C:\Program Files\NetBeans-15\netbeans\enterprise\modules\ext\servlet3.1-jsp2.3-api.jar;C:\Program Files\NetBeans-15\netbeans\enterprise\modules\ext\glassfish-jspparser-4.0.jar;C:\Program Files\NetBeans-15\netbeans\enterprise\modules\ext\jstl-impl.jar;C:\Program Files\NetBeans-15\netbeans\enterprise\modules\ext\jsf-2_2\javax.faces.jar" />
    <property name="libs.jsp-compilation.classpath" value="C:\Program Files\NetBeans-15\netbeans\extide\ant\lib\ant.jar;C:\Program Files\NetBeans-15\netbeans\enterprise\modules\ext\servlet3.1-jsp2.3-api.jar;C:\Program Files\NetBeans-15\netbeans\enterprise\modules\ext\glassfish-jspparser-4.0.jar;C:\Program Files\NetBeans-15\netbeans\enterprise\modules\ext\jsf-2_2\javax.faces.jar;C:\Program Files\NetBeans-15\netbeans\enterprise\modules\ext\jstl-api.jar;C:\Program Files\NetBeans-15\netbeans\extide\ant\lib\ant-launcher.jar" />
    <property name="libs.javaee-api-6.0.classpath" value="C:\Program Files\NetBeans-15\netbeans\enterprise\modules\ext\javaee-api-6.0.jar" />
    <property name="javac.includesfile.binary" value="C:\David\Universidad\Universidad\3 Semestre\POO 7996\T04-DeveloperBears\06-Code\InClass\null1835751841" />
    <property name="libs.javaee-api-7.0.classpath" value="C:\Program Files\NetBeans-15\netbeans\enterprise\modules\ext\javaee-api-7.0.jar" />
    <property name="sun.cpu.isalist" value="amd64" />
    <property name="libs.restapi.maven-pom" value="" />
    <property name="javadoc.preview" value="true" />
    <property name="do.depend" value="false" />
    <property name="sun.arch.data.model" value="64" />
    <property name="libs.jakartaee-web-api-9.0.maven-pom" value="" />
    <property name="libs.javaee-endorsed-api-7.0.src" value="" />
    <property name="file.reference.mongodb-driver-sync-4.8.1.jar-4" value="lib\mongodb-driver-sync-4.8.1.jar" />
    <property name="annotation.processing.enabled" value="true" />
    <property name="libs.junit_5.src" value="C:\Program Files\NetBeans-15\netbeans\platform\docs\junit-jupiter-api-5.6.0-sources.jar;C:\Program Files\NetBeans-15\netbeans\platform\docs\junit-jupiter-params-5.6.0-sources.jar;C:\Program Files\NetBeans-15\netbeans\platform\docs\junit-jupiter-engine-5.6.0-sources.jar" />
    <property name="libs.jaxb.classpath" value="C:\Program Files\NetBeans-15\netbeans\ide\modules\ext\jaxb\jaxb-impl.jar;C:\Program Files\NetBeans-15\netbeans\ide\modules\ext\jaxb\jaxb-xjc.jar;C:\Program Files\NetBeans-15\netbeans\ide\modules\ext\jaxb\activation.jar;C:\Program Files\NetBeans-15\netbeans\ide\modules\ext\jaxb\api\jaxb-api.jar" />
    <property name="libs.javaee-api-8.0.classpath" value="C:\Program Files\NetBeans-15\netbeans\enterprise\modules\ext\javaee-api-8.0.jar" />
    <property name="ant.file.type.InClass" value="file" />
    <property name="libs.CopyLibs.src" value="" />
    <property name="javac.source" value="17" />
    <property name="java.specification.vendor" value="Oracle Corporation" />
    <property name="java.version.date" value="2022-10-18" />
    <property name="java.home" value="C:\Program Files\Java\jdk-17.0.5" />
    <property name="work.dir" value="C:\David\Universidad\Universidad\3 Semestre\POO 7996\T04-DeveloperBears\06-Code\InClass" />
    <property name="javac.test.compilerargs" value="" />
    <property name="jna.boot.library.name" value="jnidispatch-nb" />
    <property name="libs.PostgreSQLDriver.classpath" value="C:\Program Files\NetBeans-15\netbeans\ide\modules\ext\postgresql-42.2.16.jar" />
    <property name="libs.graaljs.javadoc" value="" />
    <property name="libs.spring-webmvc3.0.javadoc" value="" />
    <property name="libs.JAXB-ENDORSED.src" value="" />
    <property name="user.script" value="" />
    <property name="manifest.encoding" value="UTF-8" />
    <property name="libs.spring-framework400.src" value="" />
    <property name="sun.management.compiler" value="HotSpot 64-Bit Tiered Compilers" />
    <property name="run.test.modulepath" value="" />
    <property name="libs.javaee-web-api-6.0.classpath" value="C:\Program Files\NetBeans-15\netbeans\enterprise\modules\ext\javaee-web-api-6.0.jar" />
    <property name="libs.graaljs.classpath" value="C:\Program Files\NetBeans-15\netbeans\webcommon\modules\ext\js-20.3.0.jar;C:\Program Files\NetBeans-15\netbeans\webcommon\modules\ext\js-launcher-20.3.0.jar;C:\Program Files\NetBeans-15\netbeans\webcommon\modules\ext\regex-20.3.0.jar;C:\Program Files\NetBeans-15\netbeans\webcommon\modules\ext\icu4j-67.1.jar;C:\Program Files\NetBeans-15\netbeans\ide\modules\ext\graal-sdk-20.3.0.jar;C:\Program Files\NetBeans-15\netbeans\ide\modules\ext\launcher-common-20.3.0.jar;C:\Program Files\NetBeans-15\netbeans\ide\modules\ext\truffle-api-20.3.0.jar" />
    <property name="libs.jsp-compiler.javadoc" value="" />
    <property name="debug.test.modulepath" value="" />
    <property name="libs.javaee-web-api-7.0.classpath" value="C:\Program Files\NetBeans-15\netbeans\enterprise\modules\ext\javaee-web-api-7.0.jar" />
    <property name="file.encoding" value="Cp1252" />
    <property name="java.util.logging.config.class" value="org.netbeans.core.startup.TopLogging" />
    <property name="https.nonProxyHosts" value="localhost|127.0.0.1|Drouet-lmL" />
    <property name="libs.restlib.javadoc" value="" />
    <property name="libs.absolutelayout.classpath" value="C:\Program Files\NetBeans-15\netbeans\java\modules\ext\AbsoluteLayout.jar" />
    <property name="do.archive" value="true" />
    <property name="libs.struts.maven-pom" value="" />
    <property name="built-jar.properties" value="C:\David\Universidad\Universidad\3 Semestre\POO 7996\T04-DeveloperBears\06-Code\InClass\build\built-jar.properties" />
    <property name="nb.native.filechooser" value="false" />
    <property name="libs.testng.src" value="" />
    <property name="libs.javaee-web-api-8.0.classpath" value="C:\Program Files\NetBeans-15\netbeans\enterprise\modules\ext\javaee-web-api-8.0.jar" />
    <property name="platform.active" value="default_platform" />
    <property name="manifest.file" value="manifest.mf" />
    <property name="sun.io.unicode.encoding" value="UnicodeLittle" />
    <property name="libs.struts.javadoc" value="C:\Program Files\NetBeans-15\netbeans\enterprise\docs\struts-1.3.10-javadoc.zip" />
    <property name="&lt;&lt;&lt;&lt;&lt;&lt;&lt;" value="HEAD" />
    <property name="default.javac.source" value="17" />
    <property name="netbeans.dynamic.classpath" value="C:\Program Files\NetBeans-15\netbeans\platform\core\asm-9.3.jar;C:\Program Files\NetBeans-15\netbeans\platform\core\asm-commons-9.3.jar;C:\Program Files\NetBeans-15\netbeans\platform\core\asm-tree-9.3.jar;C:\Program Files\NetBeans-15\netbeans\platform\core\core-base.jar;C:\Program Files\NetBeans-15\netbeans\platform\core\core.jar;C:\Program Files\NetBeans-15\netbeans\platform\core\org-netbeans-libs-asm.jar;C:\Program Files\NetBeans-15\netbeans\platform\core\org-openide-filesystems-compat8.jar;C:\Program Files\NetBeans-15\netbeans\platform\core\org-openide-filesystems.jar;C:\Program Files\NetBeans-15\netbeans\nb\core\org-netbeans-upgrader.jar;C:\Program Files\NetBeans-15\netbeans\nb\core\locale\core_nb.jar" />
    <property name="libs.javaee-web-api-8.0.javadoc" value="C:\Program Files\NetBeans-15\netbeans\enterprise\docs\javaee-doc-api.jar" />
    <property name="libs.eclipselinkmodelgen.classpath" value="C:\Program Files\NetBeans-15\netbeans\java\modules\ext\eclipselink\org.eclipse.persistence.jpa.modelgen.processor-2.7.10.jar" />
    <property name="javac.systemmodulepath.cmd.line.arg" value="" />
    <property name="file.reference.mongodb-driver-sync-4.8.1.jar" value="C:\Users\alejo\Downloads\lib\mongodb-driver-sync-4.8.1.jar" />
    <property name="netbeans.buildnumber" value="15-387759c96ce1b891ec45ffaf524a53499455fe1a" />
    <property name="php.global.include.path" value="" />
    <property name="platforms.JDK_19.home" value="C:\Program Files\Java\jdk-19" />
    <property name="endorsed.classpath.cmd.line.arg" value="" />
    <property name="libs.jpa20-persistence.maven-pom" value="" />
    <property name="libs.CopyLibs.maven-pom" value="" />
    <property name="os.name" value="Windows 11" />
    <property name="build.sysclasspath" value="ignore" />
    <property name="libs.jakartaee-api-8.0.maven-pom" value="" />
    <property name="jdkBug6558476" value="false" />
    <property name="javadoc.author" value="false" />
    <property name="http.nonProxyHosts" value="localhost|127.0.0.1|Drouet-lmL" />
    <property name="main.class" value="ec.edu.espe.inclass.view.FrmInClassMenu" />
    <property name="libs.jsp-compilation-syscp.javadoc" value="" />
    <property name="source.encoding" value="UTF-8" />
    <property name="jar.compress" value="false" />
    <property name="libs.javaee-api-7.0.javadoc" value="C:\Program Files\NetBeans-15\netbeans\enterprise\docs\javaee-doc-api.jar" />
    <property name="libs.spring-webmvc5.0.src" value="" />
    <property name="libs.jsf20.maven-pom" value="" />
    <property name="libs.restlib.classpath" value="C:\Program Files\NetBeans-15\netbeans\enterprise\modules\ext\jersey2\jakarta.annotation-api-1.3.5.jar;C:\Program Files\NetBeans-15\netbeans\enterprise\modules\ext\jersey2\jakarta.persistence-api-2.2.3.jar;C:\Program Files\NetBeans-15\netbeans\enterprise\modules\ext\jersey2\jakarta.servlet-api-4.0.4.jar;C:\Program Files\NetBeans-15\netbeans\enterprise\modules\ext\jersey2\jakarta.validation-api-2.0.2.jar;C:\Program Files\NetBeans-15\netbeans\enterprise\modules\ext\jersey2\jakarta.xml.bind-api-2.3.3.jar;C:\Program Files\NetBeans-15\netbeans\enterprise\modules\ext\jersey2\jersey-client-2.34.jar;C:\Program Files\NetBeans-15\netbeans\enterprise\modules\ext\jersey2\jersey-common-2.34.jar;C:\Program Files\NetBeans-15\netbeans\enterprise\modules\ext\jersey2\jersey-server-2.34.jar;C:\Program Files\NetBeans-15\netbeans\enterprise\modules\ext\jersey2\jersey-entity-filtering-2.34.jar;C:\Program Files\NetBeans-15\netbeans\enterprise\modules\ext\jersey2\jersey-hk2-2.34.jar;C:\Program Files\NetBeans-15\netbeans\enterprise\modules\ext\jersey2\jersey-media-moxy-2.34.jar;C:\Program Files\NetBeans-15\netbeans\enterprise\modules\ext\jersey2\jersey-container-servlet-2.34.jar;C:\Program Files\NetBeans-15\netbeans\enterprise\modules\ext\jersey2\jersey-container-servlet-core-2.34.jar;C:\Program Files\NetBeans-15\netbeans\enterprise\modules\ext\jersey2\hk2-api-2.6.1.jar;C:\Program Files\NetBeans-15\netbeans\enterprise\modules\ext\jersey2\hk2-locator-2.6.1.jar;C:\Program Files\NetBeans-15\netbeans\enterprise\modules\ext\jersey2\hk2-utils-2.6.1.jar;C:\Program Files\NetBeans-15\netbeans\enterprise\modules\ext\jersey2\jakarta.inject-2.6.1.jar;C:\Program Files\NetBeans-15\netbeans\enterprise\modules\ext\jersey2\aopalliance-repackaged-2.6.1.jar;C:\Program Files\NetBeans-15\netbeans\enterprise\modules\ext\jersey2\osgi.core-8.0.0.jar;C:\Program Files\NetBeans-15\netbeans\enterprise\modules\ext\jersey2\osgi-resource-locator-1.0.3.jar;C:\Program Files\NetBeans-15\netbeans\java\modules\ext\eclipselink\org.eclipse.persistence.core-2.7.10.jar;C:\Program Files\NetBeans-15\netbeans\java\modules\ext\eclipselink\org.eclipse.persistence.asm-9.2.0.jar;C:\Program Files\NetBeans-15\netbeans\java\modules\ext\eclipselink\org.eclipse.persistence.antlr-2.7.10.jar;C:\Program Files\NetBeans-15\netbeans\java\modules\ext\eclipselink\org.eclipse.persistence.jpa-2.7.10.jar;C:\Program Files\NetBeans-15\netbeans\java\modules\ext\eclipselink\org.eclipse.persistence.jpa.jpql-2.7.10.jar;C:\Program Files\NetBeans-15\netbeans\java\modules\ext\eclipselink\org.eclipse.persistence.moxy-2.7.10.jar" />
    <property name="libs.jakartaee-web-api-8.0.javadoc" value="C:\Program Files\NetBeans-15\netbeans\enterprise\docs\jakartaee8-doc-api.jar" />
    <property name="apple.awt.graphics.UseQuartz" value="true" />
    <property name="libs.graaljs.src" value="" />
    <property name="run.jvmargs" value="" />
    <property name="libs.primefaces.src" value="" />
    <property name="ant.file" value="C:\David\Universidad\Universidad\3 Semestre\POO 7996\T04-DeveloperBears\06-Code\InClass\build.xml" />
    <property name="libs.struts.src" value="" />
    <property name="path.separator" value=";" />
    <property name="libs.JAXB-ENDORSED.classpath" value="C:\Program Files\NetBeans-15\netbeans\ide\modules\ext\jaxb\api\jaxb-api.jar" />
    <property name="libs.restlib.src" value="" />
    <property name="build.test.results.dir" value="build/test/results" />
    <property name="libs.jaxws21.javadoc" value="C:\Program Files\NetBeans-15\netbeans\java\docs\jaxws-api-doc.zip" />
    <property name="libs.spring-framework400.maven-pom" value="" />
    <property name="libs.javaee-endorsed-api-6.0.javadoc" value="C:\Program Files\NetBeans-15\netbeans\enterprise\docs\javaee-doc-api.jar" />
    <property name="ap.processors.internal" value="" />
    <property name="module.name" value="" />
    <property name="libs.spring-webmvc5.0.javadoc" value="" />
    <property name="libs.jsf12.classpath" value="C:\Program Files\NetBeans-15\netbeans\enterprise\modules\ext\jsf-1_2\jsf-api.jar;C:\Program Files\NetBeans-15\netbeans\enterprise\modules\ext\jsf-1_2\jsf-impl.jar" />
    <property name="libs.spring-framework400.javadoc" value="" />
    <property name="libs.hamcrest.javadoc" value="" />
    <property name="do.jar" value="true" />
    <property name="java.vm.info" value="mixed mode, sharing" />
    <property name="libs.primefaces.classpath" value="C:\Program Files\NetBeans-15\netbeans\enterprise\modules\ext\primefaces\primefaces-5.0.jar" />
    <property name="libs.jaxws21.maven-pom" value="" />
    <property name="run.test.classpath" value="lib\bson-4.8.1.jar:lib\bson-record-codec-4.8.1.jar:lib\gson-2.8.2.jar:lib\mongodb-driver-core-4.8.1.jar:lib\mongodb-driver-sync-4.8.1.jar:lib\itextpdf-5.5.1.jar:lib\hamcrest-core-1.3.jar:lib\junit-4.12.jar:C:\Users\alejo\Downloads\lib\bson-4.8.1.jar:C:\Users\alejo\Downloads\lib\bson-record-codec-4.8.1.jar:C:\Users\alejo\Downloads\lib\gson-2.8.2.jar:C:\Users\alejo\Downloads\lib\hamcrest-core-1.3.jar:C:\Users\alejo\Downloads\lib\itextpdf-5.5.1.jar:C:\Users\alejo\Downloads\lib\junit-4.12.jar:C:\Users\alejo\Downloads\lib\mongodb-driver-core-4.8.1.jar:C:\Users\alejo\Downloads\lib\mongodb-driver-sync-4.8.1.jar:build/classes:lib\hamcrest-core-1.3.jar:lib\junit-4.12.jar:build/test/classes" />
    <property name="file.reference.bson-record-codec-4.8.1.jar-4" value="lib\bson-record-codec-4.8.1.jar" />
    <property name="dist.jlink.output" value="dist/jlink/InClass" />
    <property name="javadoc.encoding.used" value="UTF-8" />
    <property name="java.class.version" value="61.0" />
    <property name="src.dir" value="src" />
    <property name="debug.classpath" value="lib\bson-4.8.1.jar:lib\bson-record-codec-4.8.1.jar:lib\gson-2.8.2.jar:lib\mongodb-driver-core-4.8.1.jar:lib\mongodb-driver-sync-4.8.1.jar:lib\itextpdf-5.5.1.jar:lib\hamcrest-core-1.3.jar:lib\junit-4.12.jar:C:\Users\alejo\Downloads\lib\bson-4.8.1.jar:C:\Users\alejo\Downloads\lib\bson-record-codec-4.8.1.jar:C:\Users\alejo\Downloads\lib\gson-2.8.2.jar:C:\Users\alejo\Downloads\lib\hamcrest-core-1.3.jar:C:\Users\alejo\Downloads\lib\itextpdf-5.5.1.jar:C:\Users\alejo\Downloads\lib\junit-4.12.jar:C:\Users\alejo\Downloads\lib\mongodb-driver-core-4.8.1.jar:C:\Users\alejo\Downloads\lib\mongodb-driver-sync-4.8.1.jar:build/classes" />
    <property name="ant.project.default-target" value="default" />
    <property name="excludes" value="" />
    <property name="libs.javaee-api-7.0.src" value="" />
    <property name="run.test.jvmargs" value="" />
    <property name="sun.jnu.encoding" value="Cp1252" />
    <property name="libs.junit_4.javadoc" value="C:\Program Files\NetBeans-15\netbeans\platform\docs\junit-4.13.2-javadoc.jar" />
    <property name="libs.spring-webmvc4.0.src" value="" />
    <property name="sun.java2d.dpiaware" value="true" />
    <property name="main.class.available" value="true" />
    <property name="libs.jsf20.javadoc" value="C:\Program Files\NetBeans-15\netbeans\enterprise\docs\javaee-doc-api.jar" />
    <property name="netbeans.importclass" value="org.netbeans.upgrade.AutoUpgrade" />
    <property name="netbeans.autoupdate.version" value="1.23" />
    <property name="file.reference.mongodb-driver-core-4.8.1.jar" value="C:\Users\alejo\Downloads\lib\mongodb-driver-core-4.8.1.jar" />
    <property name="empty.dir" value="C:\David\Universidad\Universidad\3 Semestre\POO 7996\T04-DeveloperBears\06-Code\InClass\build\empty" />
    <property name="netbeans.user" value="C:\Users\USUARIO\AppData\Roaming\NetBeans\15" />
    <property name="javac.includes.binary" value="C:\David\Universidad\Universidad\3 Semestre\POO 7996\T04-DeveloperBears\06-Code\InClass\build\test\classes\ec\edu\espe\inclass\controller\CourseControllerTest.class" />
    <property name="file.separator" value="\" />
    <property name="line.separator" value="&#xd;&#xa;" />
    <property name="javadoc.additionalparam" value="" />
    <property name="file.reference.bson-4.8.1.jar" value="C:\Users\alejo\Downloads\lib\bson-4.8.1.jar" />
    <property name="libs.spring-webmvc5.0.classpath" value="C:\Program Files\NetBeans-15\netbeans\java\modules\ext\spring-5\spring-webmvc-5.2.9.RELEASE.jar" />
    <property name="libs.restlib.maven-pom" value="" />
    <property name="javac.debug" value="true" />
    <property name="libs.testng.classpath" value="C:\Program Files\NetBeans-15\netbeans\platform\modules\ext\testng-6.14.3.jar;C:\Program Files\NetBeans-15\netbeans\platform\modules\ext\jcommander-1.78.jar" />
    <property name="libs.jsp-compiler.src" value="" />
    <property name="user.name" value="SDDrouet" />
    <property name="build.classes.dir" value="build/classes" />
    <property name="javadoc.windowtitle" value="" />
    <property name="nb.junit.single" value="false" />
    <property name="nb.internal.action.name" value="run.single" />
    <property name="libs.javaee-api-8.0.maven-pom" value="" />
    <property name="libs.jaxws21.src" value="" />
    <property name="libs.jakartaee-web-api-9.0.javadoc" value="C:\Program Files\NetBeans-15\netbeans\enterprise\docs\jakartaee9-doc-api.jar" />
    <property name="jna.loaded" value="true" />
    <property name="libs.junit_5.maven-pom" value="" />
    <property name="libs.jpa20-persistence.javadoc" value="C:\Program Files\NetBeans-15\netbeans\java\modules\ext\docs\jakarta.persistence-2.2.3-doc.zip" />
    <property name="ant.junit.enabletestlistenerevents" value="true" />
    <property name="libs.JWSAntTasks.src" value="" />
    <property name="ant.home" value="C:\Program Files\NetBeans-15\netbeans\extide\ant" />
    <property name="libs.spring-webmvc3.0.src" value="" />
    <property name="have.tests" value="true" />
    <property name="javac.external.vm" value="true" />
    <property name="debug.test.classpath" value="lib\bson-4.8.1.jar:lib\bson-record-codec-4.8.1.jar:lib\gson-2.8.2.jar:lib\mongodb-driver-core-4.8.1.jar:lib\mongodb-driver-sync-4.8.1.jar:lib\itextpdf-5.5.1.jar:lib\hamcrest-core-1.3.jar:lib\junit-4.12.jar:C:\Users\alejo\Downloads\lib\bson-4.8.1.jar:C:\Users\alejo\Downloads\lib\bson-record-codec-4.8.1.jar:C:\Users\alejo\Downloads\lib\gson-2.8.2.jar:C:\Users\alejo\Downloads\lib\hamcrest-core-1.3.jar:C:\Users\alejo\Downloads\lib\itextpdf-5.5.1.jar:C:\Users\alejo\Downloads\lib\junit-4.12.jar:C:\Users\alejo\Downloads\lib\mongodb-driver-core-4.8.1.jar:C:\Users\alejo\Downloads\lib\mongodb-driver-sync-4.8.1.jar:build/classes:lib\hamcrest-core-1.3.jar:lib\junit-4.12.jar:build/test/classes" />
    <property name="testng.debug.mode" value="" />
    <property name="javac.target" value="17" />
    <property name="ant.version" value="Apache Ant(TM) version 1.10.8 compiled on May 10 2020" />
    <property name="libs.absolutelayout.maven-pom" value="" />
    <property name="java.failonerror" value="true" />
    <property name="javac.modulepath" value="" />
    <property name="libs.spring-framework500.src" value="" />
    <property name="libs.javaee-api-6.0.src" value="" />
    <property name="user.properties.file" value="C:\Users\USUARIO\AppData\Roaming\NetBeans\15\build.properties" />
    <property name="javac.includes" value="ec/edu/espe/inclass/controller/CourseControllerTest.java" />
    <property name="file.reference.bson-record-codec-4.8.1.jar" value="C:\Users\alejo\Downloads\lib\bson-record-codec-4.8.1.jar" />
    <property name="netbeans.autoupdate.country" value="EC" />
    <property name="java.class.path" value="C:\David\Universidad\Universidad\3 Semestre\POO 7996\T04-DeveloperBears\06-Code\InClass\lib\bson-4.8.1.jar;C:\David\Universidad\Universidad\3 Semestre\POO 7996\T04-DeveloperBears\06-Code\InClass\lib\bson-record-codec-4.8.1.jar;C:\David\Universidad\Universidad\3 Semestre\POO 7996\T04-DeveloperBears\06-Code\InClass\lib\gson-2.8.2.jar;C:\David\Universidad\Universidad\3 Semestre\POO 7996\T04-DeveloperBears\06-Code\InClass\lib\mongodb-driver-core-4.8.1.jar;C:\David\Universidad\Universidad\3 Semestre\POO 7996\T04-DeveloperBears\06-Code\InClass\lib\mongodb-driver-sync-4.8.1.jar;C:\David\Universidad\Universidad\3 Semestre\POO 7996\T04-DeveloperBears\06-Code\InClass\lib\itextpdf-5.5.1.jar;C:\David\Universidad\Universidad\3 Semestre\POO 7996\T04-DeveloperBears\06-Code\InClass\lib\hamcrest-core-1.3.jar;C:\David\Universidad\Universidad\3 Semestre\POO 7996\T04-DeveloperBears\06-Code\InClass\lib\junit-4.12.jar;C:\David\Universidad\Universidad\3 Semestre\POO 7996\T04-DeveloperBears\06-Code\InClass\build\classes;C:\David\Universidad\Universidad\3 Semestre\POO 7996\T04-DeveloperBears\06-Code\InClass\build\test\classes;C:\Program Files\NetBeans-15\netbeans\extide\ant\lib\ant-launcher.jar;C:\Program Files\NetBeans-15\netbeans\extide\ant\lib\ant.jar;C:\Program Files\NetBeans-15\netbeans\extide\ant\lib\ant-junit.jar;C:\Program Files\NetBeans-15\netbeans\extide\ant\lib\ant-junit4.jar" />
    <property name="libs.javaee-web-api-6.0.maven-pom" value="" />
    <property name="java.vm.vendor" value="Oracle Corporation" />
    <property name="ap.supported.internal" value="true" />
    <property name="user.variant" value="" />
    <property name="netbeans.home+have.tests" value="true" />
    <property name="test.binaryexcludes" value="" />
    <property name="file.reference.itextpdf-5.5.1.jar-1" value="C:\Users\alejo\Downloads\lib\itextpdf-5.5.1.jar" />
    <property name="javac.compilerargs" value="" />
    <property name="libs.jstl.maven-pom" value="" />
    <property name="libs.jakartaee-web-api-8.0.src" value="" />
    <property name="sun.cpu.endian" value="little" />
    <property name="libs.junit_4.src" value="C:\Program Files\NetBeans-15\netbeans\platform\docs\junit-4.13.2-sources.jar" />
    <property name="libs.jakartaee-api-9.0.src" value="" />
    <property name="user.language" value="es" />
    <property name="copylibs.rebase" value="true" />
    <property name="maven.defaultProjectBuilder.disableGlobalModelCache" value="true" />
    <property name="libs.javaee-web-api-6.0.src" value="" />
    <property name="javadoc.nonavbar" value="false" />
    <property name="libs.javaee-api-8.0.src" value="" />
    <property name="ant.java.version" value="17" />
    <property name="libs.junit_4.classpath" value="C:\Program Files\NetBeans-15\netbeans\platform\modules\ext\junit-4.13.2.jar" />
    <property name="libs.jakartaee-api-9.0.javadoc" value="C:\Program Files\NetBeans-15\netbeans\enterprise\docs\jakartaee9-doc-api.jar" />
    <property name="jlink.launcher.name" value="InClass" />
    <property name="test.binarytestincludes" value="" />
    <property name="sun.awt.keepWorkingSetOnMinimize" value="true" />
    <property name="libs.junit_4.maven-pom" value="" />
    <property name="libs.spring-webmvc5.0.maven-pom" value="" />
    <property name="libs.jsp-compiler.maven-pom" value="" />
    <property name="runtime.encoding" value="UTF-8" />
    <property name="jlink.additionalmodules" value="" />
    <property name="libs.jakartaee-web-api-8.0.classpath" value="C:\Program Files\NetBeans-15\netbeans\enterprise\modules\ext\jakarta.jakartaee-web-api-8.0.0.jar" />
    <property name="javac.classpath" value="lib\bson-4.8.1.jar:lib\bson-record-codec-4.8.1.jar:lib\gson-2.8.2.jar:lib\mongodb-driver-core-4.8.1.jar:lib\mongodb-driver-sync-4.8.1.jar:lib\itextpdf-5.5.1.jar:lib\hamcrest-core-1.3.jar:lib\junit-4.12.jar:C:\Users\alejo\Downloads\lib\bson-4.8.1.jar:C:\Users\alejo\Downloads\lib\bson-record-codec-4.8.1.jar:C:\Users\alejo\Downloads\lib\gson-2.8.2.jar:C:\Users\alejo\Downloads\lib\hamcrest-core-1.3.jar:C:\Users\alejo\Downloads\lib\itextpdf-5.5.1.jar:C:\Users\alejo\Downloads\lib\junit-4.12.jar:C:\Users\alejo\Downloads\lib\mongodb-driver-core-4.8.1.jar:C:\Users\alejo\Downloads\lib\mongodb-driver-sync-4.8.1.jar" />
    <property name="dist.jlink.dir" value="dist/jlink" />
    <property name="nb.junit.batch" value="true" />
    <property name="build.test.classes.dir" value="build/test/classes" />
    <property name="ant.file.InClass-impl" value="C:\David\Universidad\Universidad\3 Semestre\POO 7996\T04-DeveloperBears\06-Code\InClass\nbproject\build-impl.xml" />
    <property name="libs.spring-framework300.maven-pom" value="" />
    <property name="ant.project.invoked-targets" value="test-single" />
    <property name="libs.jstl.classpath" value="C:\Program Files\NetBeans-15\netbeans\enterprise\modules\ext\jstl-impl.jar;C:\Program Files\NetBeans-15\netbeans\enterprise\modules\ext\jstl-api.jar" />
    <property name="ap.cmd.line.internal" value="" />
    <property name="libs.PostgreSQLDriver.src" value="" />
    <property name="java.vendor.url.bug" value="https://bugreport.java.com/bugreport/" />
    <property name="annotation.processing.source.output" value="build/generated-sources/ap-source-output" />
    <property name="user.dir" value="C:\David\Universidad\Universidad\3 Semestre\POO 7996\T04-DeveloperBears\06-Code\InClass" />
    <property name="libs.javaee-endorsed-api-6.0.maven-pom" value="" />
    <property name="platform.java" value="C:\Program Files\Java\jdk-17.0.5/bin/java" />
    <property name="application.args" value="" />
    <property name="org.xml.sax.driver" value="com.sun.org.apache.xerces.internal.jaxp.SAXParserImpl$JAXPSAXParser" />
    <property name="libs.jakartaee-web-api-8.0.maven-pom" value="" />
    <property name="libs.eclipselink.src" value="" />
    <property name="java.vm.version" value="17.0.5+9-LTS-191" />
    <property name="libs.metro.javadoc" value="C:\Program Files\NetBeans-15\netbeans\enterprise\docs\webservices-api-javadoc.jar;C:\Program Files\NetBeans-15\netbeans\enterprise\docs\webservices-extra-javadoc.jar;C:\Program Files\NetBeans-15\netbeans\enterprise\docs\webservices-extra-api-javadoc.jar;C:\Program Files\NetBeans-15\netbeans\enterprise\docs\webservices-rt-javadoc.jar;C:\Program Files\NetBeans-15\netbeans\enterprise\docs\webservices-tools-javadoc.jar" />
    <property name="libs.jakartaee-web-api-9.0.src" value="" />
    <property name="test.class" value="ec.edu.espe.inclass.controller.CourseControllerTest" />
    <property name="sun.awt.datatransfer.timeout" value="1000" />
    <property name="libs.javaee-web-api-7.0.src" value="" />
    <property name="libs.jsp-compiler.classpath" value="C:\Program Files\NetBeans-15\netbeans\enterprise\ant\extra\jspcompile.jar" />
    <property name="junit.forkmode" value="perTest" />
    <property name="annotation.processing.run.all.processors" value="true" />
    <property name="libs.jakartaee-api-8.0.src" value="" />
    <property name="libs.javaee-endorsed-api-6.0.classpath" value="C:\Program Files\NetBeans-15\netbeans\enterprise\modules\ext\javaee6-endorsed\javax.annotation.jar;C:\Program Files\NetBeans-15\netbeans\enterprise\modules\ext\javaee6-endorsed\jaxb-api-osgi.jar;C:\Program Files\NetBeans-15\netbeans\enterprise\modules\ext\javaee6-endorsed\webservices-api-osgi.jar" />
  </properties>
  <testcase classname="ec.edu.espe.inclass.controller.CourseControllerTest" name="testFindCourseNrcWrong" time="0.004" />
  <testcase classname="ec.edu.espe.inclass.controller.CourseControllerTest" name="testJsonToCourseJsonEmpty" time="0.058" />
  <testcase classname="ec.edu.espe.inclass.controller.CourseControllerTest" name="testJsonToCourseJsonWrong" time="0.024" />
  <testcase classname="ec.edu.espe.inclass.controller.CourseControllerTest" name="testLoadCoursesJsonEmpty2" time="0.007">
    <failure message="expected:&lt;null&gt; but was:&lt;[null, null]&gt;" type="junit.framework.AssertionFailedError">junit.framework.AssertionFailedError: expected:&lt;null&gt; but was:&lt;[null, null]&gt;
	at ec.edu.espe.inclass.controller.CourseControllerTest.testLoadCoursesJsonEmpty2(CourseControllerTest.java:137)
	at java.base/jdk.internal.reflect.NativeMethodAccessorImpl.invoke0(Native Method)
	at java.base/jdk.internal.reflect.NativeMethodAccessorImpl.invoke(NativeMethodAccessorImpl.java:77)
	at java.base/jdk.internal.reflect.DelegatingMethodAccessorImpl.invoke(DelegatingMethodAccessorImpl.java:43)
</failure>
  </testcase>
  <testcase classname="ec.edu.espe.inclass.controller.CourseControllerTest" name="testRemoveCourseNoConnectionWrongData" time="0.003" />
  <testcase classname="ec.edu.espe.inclass.controller.CourseControllerTest" name="testLoadCoursesJsonWrong2" time="0.008">
    <failure message="expected:&lt;null&gt; but was:&lt;[Course{name=math, nrc=0}]&gt;" type="junit.framework.AssertionFailedError">junit.framework.AssertionFailedError: expected:&lt;null&gt; but was:&lt;[Course{name=math, nrc=0}]&gt;
	at ec.edu.espe.inclass.controller.CourseControllerTest.testLoadCoursesJsonWrong2(CourseControllerTest.java:163)
	at java.base/jdk.internal.reflect.NativeMethodAccessorImpl.invoke0(Native Method)
	at java.base/jdk.internal.reflect.NativeMethodAccessorImpl.invoke(NativeMethodAccessorImpl.java:77)
	at java.base/jdk.internal.reflect.DelegatingMethodAccessorImpl.invoke(DelegatingMethodAccessorImpl.java:43)
</failure>
  </testcase>
  <testcase classname="ec.edu.espe.inclass.controller.CourseControllerTest" name="testFindCourseNrc" time="0.001" />
  <testcase classname="ec.edu.espe.inclass.controller.CourseControllerTest" name="testJsonToCourseJsonWrong2" time="0.003">
    <failure message="expected:&lt;null&gt; but was:&lt;Course{name=math, nrc=0}&gt;" type="junit.framework.AssertionFailedError">junit.framework.AssertionFailedError: expected:&lt;null&gt; but was:&lt;Course{name=math, nrc=0}&gt;
	at ec.edu.espe.inclass.controller.CourseControllerTest.testJsonToCourseJsonWrong2(CourseControllerTest.java:211)
	at java.base/jdk.internal.reflect.NativeMethodAccessorImpl.invoke0(Native Method)
	at java.base/jdk.internal.reflect.NativeMethodAccessorImpl.invoke(NativeMethodAccessorImpl.java:77)
	at java.base/jdk.internal.reflect.DelegatingMethodAccessorImpl.invoke(DelegatingMethodAccessorImpl.java:43)
</failure>
  </testcase>
  <testcase classname="ec.edu.espe.inclass.controller.CourseControllerTest" name="testLoadCourses" time="0.002">
    <error message="Cannot invoke &quot;java.util.ArrayList.iterator()&quot; because &quot;jsons&quot; is null" type="java.lang.NullPointerException">java.lang.NullPointerException: Cannot invoke &quot;java.util.ArrayList.iterator()&quot; because &quot;jsons&quot; is null
	at ec.edu.espe.inclass.controller.CourseController.loadCourses(CourseController.java:38)
	at ec.edu.espe.inclass.controller.CourseControllerTest.testLoadCourses(CourseControllerTest.java:109)
	at java.base/jdk.internal.reflect.NativeMethodAccessorImpl.invoke0(Native Method)
	at java.base/jdk.internal.reflect.NativeMethodAccessorImpl.invoke(NativeMethodAccessorImpl.java:77)
	at java.base/jdk.internal.reflect.DelegatingMethodAccessorImpl.invoke(DelegatingMethodAccessorImpl.java:43)
</error>
  </testcase>
  <testcase classname="ec.edu.espe.inclass.controller.CourseControllerTest" name="testFindSomeCourseWrong" time="0.001">
    <failure message="expected:&lt;-1&gt; but was:&lt;2&gt;" type="junit.framework.AssertionFailedError">junit.framework.AssertionFailedError: expected:&lt;-1&gt; but was:&lt;2&gt;
	at ec.edu.espe.inclass.controller.CourseControllerTest.testFindSomeCourseWrong(CourseControllerTest.java:272)
	at java.base/jdk.internal.reflect.NativeMethodAccessorImpl.invoke0(Native Method)
	at java.base/jdk.internal.reflect.NativeMethodAccessorImpl.invoke(NativeMethodAccessorImpl.java:77)
	at java.base/jdk.internal.reflect.DelegatingMethodAccessorImpl.invoke(DelegatingMethodAccessorImpl.java:43)
</failure>
  </testcase>
  <testcase classname="ec.edu.espe.inclass.controller.CourseControllerTest" name="testFindSomeCourseWrong2" time="0.002">
    <failure message="expected:&lt;-1&gt; but was:&lt;2&gt;" type="junit.framework.AssertionFailedError">junit.framework.AssertionFailedError: expected:&lt;-1&gt; but was:&lt;2&gt;
	at ec.edu.espe.inclass.controller.CourseControllerTest.testFindSomeCourseWrong2(CourseControllerTest.java:288)
	at java.base/jdk.internal.reflect.NativeMethodAccessorImpl.invoke0(Native Method)
	at java.base/jdk.internal.reflect.NativeMethodAccessorImpl.invoke(NativeMethodAccessorImpl.java:77)
	at java.base/jdk.internal.reflect.DelegatingMethodAccessorImpl.invoke(DelegatingMethodAccessorImpl.java:43)
</failure>
  </testcase>
  <testcase classname="ec.edu.espe.inclass.controller.CourseControllerTest" name="testFindCourseNull" time="0.0" />
  <testcase classname="ec.edu.espe.inclass.controller.CourseControllerTest" name="testFindCourseWrong1" time="0.001">
    <failure message="expected:&lt;-1&gt; but was:&lt;1&gt;" type="junit.framework.AssertionFailedError">junit.framework.AssertionFailedError: expected:&lt;-1&gt; but was:&lt;1&gt;
	at ec.edu.espe.inclass.controller.CourseControllerTest.testFindCourseWrong1(CourseControllerTest.java:240)
	at java.base/jdk.internal.reflect.NativeMethodAccessorImpl.invoke0(Native Method)
	at java.base/jdk.internal.reflect.NativeMethodAccessorImpl.invoke(NativeMethodAccessorImpl.java:77)
	at java.base/jdk.internal.reflect.DelegatingMethodAccessorImpl.invoke(DelegatingMethodAccessorImpl.java:43)
</failure>
  </testcase>
  <testcase classname="ec.edu.espe.inclass.controller.CourseControllerTest" name="testFindCourseWrong2" time="0.002">
    <failure message="expected:&lt;-1&gt; but was:&lt;1&gt;" type="junit.framework.AssertionFailedError">junit.framework.AssertionFailedError: expected:&lt;-1&gt; but was:&lt;1&gt;
	at ec.edu.espe.inclass.controller.CourseControllerTest.testFindCourseWrong2(CourseControllerTest.java:256)
	at java.base/jdk.internal.reflect.NativeMethodAccessorImpl.invoke0(Native Method)
	at java.base/jdk.internal.reflect.NativeMethodAccessorImpl.invoke(NativeMethodAccessorImpl.java:77)
	at java.base/jdk.internal.reflect.DelegatingMethodAccessorImpl.invoke(DelegatingMethodAccessorImpl.java:43)
</failure>
  </testcase>
  <testcase classname="ec.edu.espe.inclass.controller.CourseControllerTest" name="testLoadCoursesJsonEmpty" time="0.001">
    <failure message="expected:&lt;null&gt; but was:&lt;[null]&gt;" type="junit.framework.AssertionFailedError">junit.framework.AssertionFailedError: expected:&lt;null&gt; but was:&lt;[null]&gt;
	at ec.edu.espe.inclass.controller.CourseControllerTest.testLoadCoursesJsonEmpty(CourseControllerTest.java:123)
	at java.base/jdk.internal.reflect.NativeMethodAccessorImpl.invoke0(Native Method)
	at java.base/jdk.internal.reflect.NativeMethodAccessorImpl.invoke(NativeMethodAccessorImpl.java:77)
	at java.base/jdk.internal.reflect.DelegatingMethodAccessorImpl.invoke(DelegatingMethodAccessorImpl.java:43)
</failure>
  </testcase>
  <testcase classname="ec.edu.espe.inclass.controller.CourseControllerTest" name="testLoadCoursesJsonWrong" time="0.002">
    <failure message="expected:&lt;null&gt; but was:&lt;[null]&gt;" type="junit.framework.AssertionFailedError">junit.framework.AssertionFailedError: expected:&lt;null&gt; but was:&lt;[null]&gt;
	at ec.edu.espe.inclass.controller.CourseControllerTest.testLoadCoursesJsonWrong(CourseControllerTest.java:150)
	at java.base/jdk.internal.reflect.NativeMethodAccessorImpl.invoke0(Native Method)
	at java.base/jdk.internal.reflect.NativeMethodAccessorImpl.invoke(NativeMethodAccessorImpl.java:77)
	at java.base/jdk.internal.reflect.DelegatingMethodAccessorImpl.invoke(DelegatingMethodAccessorImpl.java:43)
</failure>
  </testcase>
  <testcase classname="ec.edu.espe.inclass.controller.CourseControllerTest" name="testRemoveCourseNoConnectionOKData" time="0.001" />
  <testcase classname="ec.edu.espe.inclass.controller.CourseControllerTest" name="testRemoveCourseMongoConnectionWrongData2" time="4.176" />
  <testcase classname="ec.edu.espe.inclass.controller.CourseControllerTest" name="testFindSomeCourseOK" time="0.0" />
  <testcase classname="ec.edu.espe.inclass.controller.CourseControllerTest" name="testFindCourseNoNrc" time="0.0" />
  <testcase classname="ec.edu.espe.inclass.controller.CourseControllerTest" name="testCourseToJsonForDBCourseWrong1" time="0.018">
    <failure message="expected:&lt;[]&gt; but was:&lt;[{&quot;name&quot;:&quot;prueba&quot;,&quot;nrc&quot;:-10}]&gt;" type="junit.framework.AssertionFailedError">junit.framework.AssertionFailedError: expected:&lt;[]&gt; but was:&lt;[{&quot;name&quot;:&quot;prueba&quot;,&quot;nrc&quot;:-10}]&gt;
	at ec.edu.espe.inclass.controller.CourseControllerTest.testCourseToJsonForDBCourseWrong1(CourseControllerTest.java:38)
	at java.base/jdk.internal.reflect.NativeMethodAccessorImpl.invoke0(Native Method)
	at java.base/jdk.internal.reflect.NativeMethodAccessorImpl.invoke(NativeMethodAccessorImpl.java:77)
	at java.base/jdk.internal.reflect.DelegatingMethodAccessorImpl.invoke(DelegatingMethodAccessorImpl.java:43)
</failure>
  </testcase>
  <testcase classname="ec.edu.espe.inclass.controller.CourseControllerTest" name="testCourseToJsonForDBCourseWrong2" time="0.001">
    <failure message="expected:&lt;[]&gt; but was:&lt;[{&quot;name&quot;:&quot;&quot;,&quot;nrc&quot;:-10}]&gt;" type="junit.framework.AssertionFailedError">junit.framework.AssertionFailedError: expected:&lt;[]&gt; but was:&lt;[{&quot;name&quot;:&quot;&quot;,&quot;nrc&quot;:-10}]&gt;
	at ec.edu.espe.inclass.controller.CourseControllerTest.testCourseToJsonForDBCourseWrong2(CourseControllerTest.java:50)
	at java.base/jdk.internal.reflect.NativeMethodAccessorImpl.invoke0(Native Method)
	at java.base/jdk.internal.reflect.NativeMethodAccessorImpl.invoke(NativeMethodAccessorImpl.java:77)
	at java.base/jdk.internal.reflect.DelegatingMethodAccessorImpl.invoke(DelegatingMethodAccessorImpl.java:43)
</failure>
  </testcase>
  <testcase classname="ec.edu.espe.inclass.controller.CourseControllerTest" name="testCourseToJsonForDBCourseWrong3" time="0.003">
    <failure message="expected:&lt;[]&gt; but was:&lt;[{&quot;name&quot;:&quot;&quot;,&quot;nrc&quot;:1054}]&gt;" type="junit.framework.AssertionFailedError">junit.framework.AssertionFailedError: expected:&lt;[]&gt; but was:&lt;[{&quot;name&quot;:&quot;&quot;,&quot;nrc&quot;:1054}]&gt;
	at ec.edu.espe.inclass.controller.CourseControllerTest.testCourseToJsonForDBCourseWrong3(CourseControllerTest.java:62)
	at java.base/jdk.internal.reflect.NativeMethodAccessorImpl.invoke0(Native Method)
	at java.base/jdk.internal.reflect.NativeMethodAccessorImpl.invoke(NativeMethodAccessorImpl.java:77)
	at java.base/jdk.internal.reflect.DelegatingMethodAccessorImpl.invoke(DelegatingMethodAccessorImpl.java:43)
</failure>
  </testcase>
  <testcase classname="ec.edu.espe.inclass.controller.CourseControllerTest" name="testCourseToJsonForDBCourseWrong4" time="0.001">
    <failure message="expected:&lt;[]&gt; but was:&lt;[{&quot;name&quot;:&quot;&quot;,&quot;nrc&quot;:1054464698}]&gt;" type="junit.framework.AssertionFailedError">junit.framework.AssertionFailedError: expected:&lt;[]&gt; but was:&lt;[{&quot;name&quot;:&quot;&quot;,&quot;nrc&quot;:1054464698}]&gt;
	at ec.edu.espe.inclass.controller.CourseControllerTest.testCourseToJsonForDBCourseWrong4(CourseControllerTest.java:74)
	at java.base/jdk.internal.reflect.NativeMethodAccessorImpl.invoke0(Native Method)
	at java.base/jdk.internal.reflect.NativeMethodAccessorImpl.invoke(NativeMethodAccessorImpl.java:77)
	at java.base/jdk.internal.reflect.DelegatingMethodAccessorImpl.invoke(DelegatingMethodAccessorImpl.java:43)
</failure>
  </testcase>
  <testcase classname="ec.edu.espe.inclass.controller.CourseControllerTest" name="testCourseToJsonForDBCourseWrong5" time="0.001">
    <failure message="expected:&lt;[]&gt; but was:&lt;[{&quot;name&quot;:&quot;this is a text to long, with this can test de function and the name of the course validation&quot;,&quot;nrc&quot;:125}]&gt;" type="junit.framework.AssertionFailedError">junit.framework.AssertionFailedError: expected:&lt;[]&gt; but was:&lt;[{&quot;name&quot;:&quot;this is a text to long, with this can test de function and the name of the course validation&quot;,&quot;nrc&quot;:125}]&gt;
	at ec.edu.espe.inclass.controller.CourseControllerTest.testCourseToJsonForDBCourseWrong5(CourseControllerTest.java:86)
	at java.base/jdk.internal.reflect.NativeMethodAccessorImpl.invoke0(Native Method)
	at java.base/jdk.internal.reflect.NativeMethodAccessorImpl.invoke(NativeMethodAccessorImpl.java:77)
	at java.base/jdk.internal.reflect.DelegatingMethodAccessorImpl.invoke(DelegatingMethodAccessorImpl.java:43)
</failure>
  </testcase>
  <testcase classname="ec.edu.espe.inclass.controller.CourseControllerTest" name="testCourseToJsonForDBCourseWrong6" time="0.002">
    <failure message="expected:&lt;[]&gt; but was:&lt;[{&quot;name&quot;:&quot;this is a text to long, with this can test de function and the name of the course validation&quot;,&quot;nrc&quot;:1253563345}]&gt;" type="junit.framework.AssertionFailedError">junit.framework.AssertionFailedError: expected:&lt;[]&gt; but was:&lt;[{&quot;name&quot;:&quot;this is a text to long, with this can test de function and the name of the course validation&quot;,&quot;nrc&quot;:1253563345}]&gt;
	at ec.edu.espe.inclass.controller.CourseControllerTest.testCourseToJsonForDBCourseWrong6(CourseControllerTest.java:98)
	at java.base/jdk.internal.reflect.NativeMethodAccessorImpl.invoke0(Native Method)
	at java.base/jdk.internal.reflect.NativeMethodAccessorImpl.invoke(NativeMethodAccessorImpl.java:77)
	at java.base/jdk.internal.reflect.DelegatingMethodAccessorImpl.invoke(DelegatingMethodAccessorImpl.java:43)
</failure>
  </testcase>
  <testcase classname="ec.edu.espe.inclass.controller.CourseControllerTest" name="testCourseToJsonForDB" time="0.0" />
  <testcase classname="ec.edu.espe.inclass.controller.CourseControllerTest" name="testRemoveCourseMongoConnectionWrongData" time="2.428" />
  <testcase classname="ec.edu.espe.inclass.controller.CourseControllerTest" name="testRemoveCourseMongoConnectionOKData" time="2.351" />
  <testcase classname="ec.edu.espe.inclass.controller.CourseControllerTest" name="testJsonToCourse" time="0.001" />
  <system-out><![CDATA[findCourse
jsonToCourse
jsonToCourse
loadCourses
removeCourse
The course was not remove
loadCourses
findCourse
jsonToCourse
loadCourses
findCourse
findCourse
findCourse
findCourse
findCourse
loadCourses
loadCourses
removeCourse
The course was not remove
removeCourse
Connected successfully to server.
The course was not remove
findCourse
findCourse
courseToJsonForDB
courseToJsonForDB
courseToJsonForDB
courseToJsonForDB
courseToJsonForDB
courseToJsonForDB
courseToJsonForDB
removeCourse
Connected successfully to server.
The course was not remove
removeCourse
Connected successfully to server.
The course was not remove
jsonToCourse
]]></system-out>
  <system-err><![CDATA[feb. 28, 2023 11:02:04 P. M. com.mongodb.internal.diagnostics.logging.Loggers shouldUseSLF4J
WARNING: SLF4J not found on the classpath.  Logging is disabled for the 'org.mongodb.driver' component
]]></system-err>
</testsuite>
